Build started 2016/4/24 23:24:22.
     1>Project "C:\development\hy_code\VR_AR\ARToolKit_5.3.1\VisualStudio\vs120\ARgsub.vcxproj" on node 2 (Build target(s)).
     1>ClCompile:
         C:\Program Files (x86)\Microsoft Visual Studio 12.0\VC\bin\x86_amd64\CL.exe /c /I"C:\development\hy_code\VR_AR\ARToolKit_5.3.1\VisualStudio\vs120\..\..\include\win64-x64" /IC:\development\hy_code\VR_AR\ARToolKit_5.3.1\VisualStudio\vs120\..\..\include /Zi /nologo /W3 /WX- /Od /D WIN32 /D _DEBUG /D _LIB /D _VC80_UPGRADE=0x0710 /D _MBCS /Gm- /EHsc /RTC1 /MDd /GS /fp:precise /Zc:wchar_t /Zc:forScope /Fo"x64\Debug\ARgsub\\" /Fd"x64\Debug\ARgsub\vc120.pdb" /Gd /TC /errorReport:prompt ..\..\lib\SRC\Gl\argBase.c ..\..\lib\SRC\Gl\argDraw.c ..\..\lib\SRC\Gl\argDrawImage.c ..\..\lib\SRC\Gl\argDrawMode.c ..\..\lib\SRC\Gl\argFunction.c ..\..\lib\SRC\Gl\argWindow.c ..\..\lib\SRC\Gl\gsubTest.c
         argBase.c
         argDraw.c
         argDrawImage.c
         argDrawMode.c
         argFunction.c
         argWindow.c
         gsubTest.c
         Generating Code...
       Lib:
         C:\Program Files (x86)\Microsoft Visual Studio 12.0\VC\bin\x86_amd64\Lib.exe /OUT:"C:\development\hy_code\VR_AR\ARToolKit_5.3.1\VisualStudio\vs120\..\..\lib\win64-x64\ARgsubd.lib" /NOLOGO /MACHINE:X64 x64\Debug\ARgsub\argBase.obj
         x64\Debug\ARgsub\argDraw.obj
         x64\Debug\ARgsub\argDrawImage.obj
         x64\Debug\ARgsub\argDrawMode.obj
         x64\Debug\ARgsub\argFunction.obj
         x64\Debug\ARgsub\argWindow.obj
         x64\Debug\ARgsub\gsubTest.obj
         ARgsub.vcxproj -> C:\development\hy_code\VR_AR\ARToolKit_5.3.1\VisualStudio\vs120\..\..\lib\win64-x64\ARgsubd.lib
     1>Done Building Project "C:\development\hy_code\VR_AR\ARToolKit_5.3.1\VisualStudio\vs120\ARgsub.vcxproj" (Build target(s)).

Build succeeded.

Time Elapsed 00:00:02.51
