Information:Gradle tasks [:nftSimple:generateDebugSources, :nftSimple:generateDebugAndroidTestSources, :nftSimple:mockableAndroidJar, :nftSimple:prepareDebugUnitTestDependencies, :nftSimple:compileDebugSources, :nftSimple:compileDebugAndroidTestSources, :nftSimple:compileDebugUnitTestSources]
:nftSimple:preBuild UP-TO-DATE
:nftSimple:preDebugBuild UP-TO-DATE
:nftSimple:checkDebugManifest
:aRBaseLib:preBuild UP-TO-DATE
:aRBaseLib:preReleaseBuild UP-TO-DATE
:aRBaseLib:compileReleaseNdk UP-TO-DATE
:aRBaseLib:compileLint
:aRBaseLib:copyReleaseLint UP-TO-DATE
:aRBaseLib:mergeReleaseProguardFiles UP-TO-DATE
:aRBaseLib:packageReleaseRenderscript UP-TO-DATE
:aRBaseLib:checkReleaseManifest
:aRBaseLib:prepareReleaseDependencies
:aRBaseLib:compileReleaseRenderscript UP-TO-DATE
:aRBaseLib:generateReleaseResValues UP-TO-DATE
:aRBaseLib:generateReleaseResources UP-TO-DATE
:aRBaseLib:packageReleaseResources UP-TO-DATE
:aRBaseLib:compileReleaseAidl UP-TO-DATE
:aRBaseLib:generateReleaseBuildConfig UP-TO-DATE
:aRBaseLib:generateReleaseAssets UP-TO-DATE
:aRBaseLib:mergeReleaseAssets UP-TO-DATE
:aRBaseLib:processReleaseManifest UP-TO-DATE
:aRBaseLib:processReleaseResources UP-TO-DATE
:aRBaseLib:generateReleaseSources UP-TO-DATE
:aRBaseLib:compileReleaseJavaWithJavac UP-TO-DATE
:aRBaseLib:processReleaseJavaRes UP-TO-DATE
:aRBaseLib:transformResourcesWithMergeJavaResForRelease UP-TO-DATE
:aRBaseLib:transformClassesAndResourcesWithSyncLibJarsForRelease UP-TO-DATE
:aRBaseLib:mergeReleaseJniLibFolders UP-TO-DATE
:aRBaseLib:transformNative_libsWithMergeJniLibsForRelease UP-TO-DATE
:aRBaseLib:transformNative_libsWithSyncJniLibsForRelease UP-TO-DATE
:aRBaseLib:bundleRelease UP-TO-DATE
:nftSimple:preReleaseBuild UP-TO-DATE
:nftSimple:prepareNFTSimpleARBaseLibUnspecifiedLibrary UP-TO-DATE
:nftSimple:prepareDebugDependencies
:nftSimple:compileDebugAidl UP-TO-DATE
:nftSimple:compileDebugRenderscript UP-TO-DATE
:nftSimple:generateDebugBuildConfig UP-TO-DATE
:nftSimple:generateDebugAssets UP-TO-DATE
:nftSimple:mergeDebugAssets UP-TO-DATE
:nftSimple:generateDebugResValues UP-TO-DATE
:nftSimple:generateDebugResources UP-TO-DATE
:nftSimple:mergeDebugResources UP-TO-DATE
:nftSimple:processDebugManifest UP-TO-DATE
:nftSimple:processDebugResources UP-TO-DATE
:nftSimple:generateDebugSources UP-TO-DATE
:nftSimple:preDebugAndroidTestBuild UP-TO-DATE
:nftSimple:prepareDebugAndroidTestDependencies
:nftSimple:compileDebugAndroidTestAidl UP-TO-DATE
:nftSimple:processDebugAndroidTestManifest UP-TO-DATE
:nftSimple:compileDebugAndroidTestRenderscript UP-TO-DATE
:nftSimple:generateDebugAndroidTestBuildConfig UP-TO-DATE
:nftSimple:generateDebugAndroidTestAssets UP-TO-DATE
:nftSimple:mergeDebugAndroidTestAssets UP-TO-DATE
:nftSimple:generateDebugAndroidTestResValues UP-TO-DATE
:nftSimple:generateDebugAndroidTestResources UP-TO-DATE
:nftSimple:mergeDebugAndroidTestResources UP-TO-DATE
:nftSimple:processDebugAndroidTestResources UP-TO-DATE
:nftSimple:generateDebugAndroidTestSources UP-TO-DATE
:nftSimple:mockableAndroidJar UP-TO-DATE
:nftSimple:preDebugUnitTestBuild UP-TO-DATE
:nftSimple:prepareDebugUnitTestDependencies
:nftSimple:ndkBuild
Android NDK: WARNING:src/main/jni/Android.mk:NFTSimpleNative: non-system libraries in linker flags: -lgnustl_static -lsupc++    
Android NDK:     This is likely to result in incorrect builds. Try using LOCAL_STATIC_LIBRARIES    
Android NDK:     or LOCAL_SHARED_LIBRARIES instead to list the library dependencies of the    
Android NDK:     current module    
[armeabi-v7a] SharedLibrary  : libNFTSimpleNative.so
Error:error: undefined reference to 'osgDB::getLowerCaseFileExtension(std::__ndk1::basic_string<char, std::__ndk1::char_traits<char>, std::__ndk1::allocator<char> > const&)'
Error:error: undefined reference to 'osgDB::readImageFile(std::__ndk1::basic_string<char, std::__ndk1::char_traits<char>, std::__ndk1::allocator<char> > const&, osgDB::Options const*)'
Error:error: undefined reference to 'osgDB::readNodeFile(std::__ndk1::basic_string<char, std::__ndk1::char_traits<char>, std::__ndk1::allocator<char> > const&, osgDB::Options const*)'
C:\Users\Administrator\AppData\Local\Android\sdk\ndk-bundle\sources\cxx-stl\llvm-libc++\libcxx\include\stdexcept
Error:(123) undefined reference to 'std::logic_error::logic_error(char const*)'
Error:(123) undefined reference to 'std::logic_error::logic_error(char const*)'
C:\Users\Administrator\AppData\Local\Android\sdk\ndk-bundle\sources\cxx-stl\llvm-libc++\libcxx\include\streambuf
Error:(163) undefined reference to 'std::__ndk1::locale::locale()'
Error:(220) undefined reference to 'std::__ndk1::locale::~locale()'
Error:(220) undefined reference to 'std::__ndk1::locale::~locale()'
C:\Users\Administrator\AppData\Local\Android\sdk\ndk-bundle\sources\cxx-stl\llvm-libc++\libcxx\include\sstream
Error:(895) undefined reference to 'std::__ndk1::ios_base::~ios_base()'
C:\Users\Administrator\AppData\Local\Android\sdk\ndk-bundle\sources\cxx-stl\llvm-libc++\libcxx\include\iosfwd
Error:(126) undefined reference to 'std::__ndk1::ios_base::~ios_base()'
Error:(126) undefined reference to 'std::__ndk1::ios_base::~ios_base()'
Error:(126) undefined reference to 'std::__ndk1::ios_base::~ios_base()'
src/main/jni/../../../../../../android/obj/local/armeabi-v7a/libkpm.a(kpmMatching.o):jni/../../lib/SRC/KPM/kpmMatching.cpp:typeinfo for std::__ndk1::basic_ios<char, std::__ndk1::char_traits<char> >: error: undefined reference to 'typeinfo for std::__ndk1::ios_base'
C:\Users\Administrator\AppData\Local\Android\sdk\ndk-bundle\sources\cxx-stl\llvm-libc++\libcxx\include\__hash_table
Error:(1944) undefined reference to 'std::__ndk1::__next_prime(unsigned int)'
Error:(1954) undefined reference to 'std::__ndk1::__next_prime(unsigned int)'
Error:(1944) undefined reference to 'std::__ndk1::__next_prime(unsigned int)'
Error:(1954) undefined reference to 'std::__ndk1::__next_prime(unsigned int)'
src/main/jni/../../../../../../android/obj/local/armeabi-v7a/libkpm.a(visual_database_facade.o):jni/../../lib/SRC/KPM/FreakMatcher/facade/visual_database_facade.cpp:vtable for std::__ndk1::__shared_ptr_pointer<vision::Keyframe<96>*, std::__ndk1::default_delete<vision::Keyframe<96> >, std::__ndk1::allocator<vision::Keyframe<96> > >: error: undefined reference to 'std::__ndk1::__shared_weak_count::~__shared_weak_count()'
src/main/jni/../../../../../../android/obj/local/armeabi-v7a/libkpm.a(visual_database_facade.o):jni/../../lib/SRC/KPM/FreakMatcher/facade/visual_database_facade.cpp:typeinfo for std::__ndk1::__shared_ptr_pointer<vision::Keyframe<96>*, std::__ndk1::default_delete<vision::Keyframe<96> >, std::__ndk1::allocator<vision::Keyframe<96> > >: error: undefined reference to 'typeinfo for std::__ndk1::__shared_weak_count'
C:\Users\Administrator\AppData\Local\Android\sdk\ndk-bundle\sources\cxx-stl\llvm-libc++\libcxx\include\memory
Error:(4154) undefined reference to 'std::__ndk1::__shared_weak_count::__add_shared()'
Error:(4448) undefined reference to 'std::__ndk1::__shared_weak_count::__release_shared()'
Error:(4448) undefined reference to 'std::__ndk1::__shared_weak_count::__release_shared()'
Error:(4448) undefined reference to 'std::__ndk1::__shared_weak_count::__release_shared()'
Error:(4448) undefined reference to 'std::__ndk1::__shared_weak_count::__release_shared()'
Error:(4154) undefined reference to 'std::__ndk1::__shared_weak_count::__add_shared()'
Error:(4154) undefined reference to 'std::__ndk1::__shared_weak_count::__add_shared()'
Error:(4154) undefined reference to 'std::__ndk1::__shared_weak_count::__add_shared()'
Error:(3639) undefined reference to 'std::__ndk1::__shared_weak_count::~__shared_weak_count()'
Error:(3639) undefined reference to 'std::__ndk1::__shared_weak_count::~__shared_weak_count()'
Error:(3639) undefined reference to 'std::__ndk1::__shared_weak_count::~__shared_weak_count()'
src/main/jni/../../../../../../android/obj/local/armeabi-v7a/libkpm.a(image.o):jni/../../lib/SRC/KPM/FreakMatcher/framework/image.cpp:typeinfo for std::__ndk1::__shared_ptr_pointer<unsigned char*, NullArrayDeleter<unsigned char>, std::__ndk1::allocator<unsigned char> >: error: undefined reference to 'typeinfo for std::__ndk1::__shared_weak_count'
src/main/jni/../../../../../../android/obj/local/armeabi-v7a/libkpm.a(image.o):jni/../../lib/SRC/KPM/FreakMatcher/framework/image.cpp:typeinfo for std::__ndk1::__shared_ptr_pointer<unsigned char*, std::__ndk1::default_delete<unsigned char>, std::__ndk1::allocator<unsigned char> >: error: undefined reference to 'typeinfo for std::__ndk1::__shared_weak_count'
C:\Users\Administrator\AppData\Local\Android\sdk\ndk-bundle\sources\cxx-stl\llvm-libc++\libcxx\include\__locale
Error:(174) undefined reference to 'std::__ndk1::locale::use_facet(std::__ndk1::locale::id&) const'
Error:(174) undefined reference to 'std::__ndk1::locale::use_facet(std::__ndk1::locale::id&) const'
Error:(174) undefined reference to 'std::__ndk1::locale::use_facet(std::__ndk1::locale::id&) const'
Error:(174) undefined reference to 'std::__ndk1::locale::use_facet(std::__ndk1::locale::id&) const'
C:\Users\Administrator\AppData\Local\Android\sdk\ndk-bundle\sources\cxx-stl\llvm-libc++\libcxx\include\ios
Error:(668) undefined reference to 'std::__ndk1::ios_base::init(void*)'
Error:(734) undefined reference to 'std::__ndk1::ios_base::getloc() const'
Error:(734) undefined reference to 'std::__ndk1::locale::~locale()'
Error:(524) undefined reference to 'std::__ndk1::ios_base::clear(unsigned int)'
Error:(734) undefined reference to 'std::__ndk1::ios_base::getloc() const'
Error:(524) undefined reference to 'std::__ndk1::ios_base::clear(unsigned int)'
Error:(524) undefined reference to 'std::__ndk1::ios_base::clear(unsigned int)'
Error:(524) undefined reference to 'std::__ndk1::ios_base::clear(unsigned int)'
Error:(734) undefined reference to 'std::__ndk1::ios_base::getloc() const'
Error:(734) undefined reference to 'std::__ndk1::cerr'
Error:(734) undefined reference to 'std::__ndk1::ctype<char>::id'
C:\Users\Administrator\AppData\Local\Android\sdk\ndk-bundle\sources\cxx-stl\llvm-libc++\libcxx\include\ostream
Error:(638) undefined reference to 'std::__ndk1::ios_base::getloc() const'
Error:(638) undefined reference to 'std::__ndk1::locale::~locale()'
Error:(646) undefined reference to 'std::__ndk1::ios_base::__set_badbit_and_consider_rethrow()'
Error:(647) undefined reference to 'std::__ndk1::num_put<char, std::__ndk1::ostreambuf_iterator<char, std::__ndk1::char_traits<char> > >::id'
Error:(647) undefined reference to 'std::__ndk1::ctype<char>::id'
Error:(757) undefined reference to 'std::__ndk1::ios_base::__set_badbit_and_consider_rethrow()'
Error:(758) undefined reference to 'std::__ndk1::ctype<char>::id'
Error:(973) undefined reference to 'std::__ndk1::ios_base::__set_badbit_and_consider_rethrow()'
Error:(922) undefined reference to 'std::__ndk1::ios_base::__set_badbit_and_consider_rethrow()'
Error:error: linker command failed with exit code 1 (use -v to see invocation)
make: *** [build/intermediates/ndk/obj/local/armeabi-v7a/libNFTSimpleNative.so] Error 1
:nftSimple:ndkBuild FAILED
Error:Execution failed for task ':nftSimple:ndkBuild'.
> Process 'command 'C:\Users\Administrator\AppData\Local\Android\sdk\ndk-bundle/ndk-build.cmd'' finished with non-zero exit value 2
Information:BUILD FAILED
Information:Total time: 5.51 secs
Information:53 errors
Information:0 warnings
Information:See complete output in console