Information:Gradle tasks [:nftSimple:generateDebugSources, :nftSimple:generateDebugAndroidTestSources, :nftSimple:mockableAndroidJar, :nftSimple:prepareDebugUnitTestDependencies, :nftSimple:compileDebugSources, :nftSimple:compileDebugAndroidTestSources, :nftSimple:compileDebugUnitTestSources]
:nftSimple:preBuild UP-TO-DATE
:nftSimple:preDebugBuild UP-TO-DATE
:nftSimple:checkDebugManifest
:aRBaseLib:preBuild UP-TO-DATE
:aRBaseLib:preReleaseBuild UP-TO-DATE
:aRBaseLib:compileReleaseNdk UP-TO-DATE
:aRBaseLib:compileLint
:aRBaseLib:copyReleaseLint UP-TO-DATE
:aRBaseLib:mergeReleaseProguardFiles UP-TO-DATE
:aRBaseLib:packageReleaseRenderscript UP-TO-DATE
:aRBaseLib:checkReleaseManifest
:aRBaseLib:prepareReleaseDependencies
:aRBaseLib:compileReleaseRenderscript UP-TO-DATE
:aRBaseLib:generateReleaseResValues UP-TO-DATE
:aRBaseLib:generateReleaseResources UP-TO-DATE
:aRBaseLib:packageReleaseResources UP-TO-DATE
:aRBaseLib:compileReleaseAidl UP-TO-DATE
:aRBaseLib:generateReleaseBuildConfig UP-TO-DATE
:aRBaseLib:generateReleaseAssets UP-TO-DATE
:aRBaseLib:mergeReleaseAssets UP-TO-DATE
:aRBaseLib:processReleaseManifest UP-TO-DATE
:aRBaseLib:processReleaseResources UP-TO-DATE
:aRBaseLib:generateReleaseSources UP-TO-DATE
:aRBaseLib:compileReleaseJavaWithJavac UP-TO-DATE
:aRBaseLib:processReleaseJavaRes UP-TO-DATE
:aRBaseLib:transformResourcesWithMergeJavaResForRelease UP-TO-DATE
:aRBaseLib:transformClassesAndResourcesWithSyncLibJarsForRelease UP-TO-DATE
:aRBaseLib:mergeReleaseJniLibFolders UP-TO-DATE
:aRBaseLib:transformNative_libsWithMergeJniLibsForRelease UP-TO-DATE
:aRBaseLib:transformNative_libsWithSyncJniLibsForRelease UP-TO-DATE
:aRBaseLib:bundleRelease UP-TO-DATE
:nftSimple:preReleaseBuild UP-TO-DATE
:nftSimple:prepareNFTSimpleARBaseLibUnspecifiedLibrary UP-TO-DATE
:nftSimple:prepareDebugDependencies
:nftSimple:compileDebugAidl UP-TO-DATE
:nftSimple:compileDebugRenderscript UP-TO-DATE
:nftSimple:generateDebugBuildConfig UP-TO-DATE
:nftSimple:generateDebugAssets UP-TO-DATE
:nftSimple:mergeDebugAssets UP-TO-DATE
:nftSimple:generateDebugResValues UP-TO-DATE
:nftSimple:generateDebugResources UP-TO-DATE
:nftSimple:mergeDebugResources UP-TO-DATE
:nftSimple:processDebugManifest UP-TO-DATE
:nftSimple:processDebugResources UP-TO-DATE
:nftSimple:generateDebugSources UP-TO-DATE
:nftSimple:preDebugAndroidTestBuild UP-TO-DATE
:nftSimple:prepareDebugAndroidTestDependencies
:nftSimple:compileDebugAndroidTestAidl UP-TO-DATE
:nftSimple:processDebugAndroidTestManifest UP-TO-DATE
:nftSimple:compileDebugAndroidTestRenderscript UP-TO-DATE
:nftSimple:generateDebugAndroidTestBuildConfig UP-TO-DATE
:nftSimple:generateDebugAndroidTestAssets UP-TO-DATE
:nftSimple:mergeDebugAndroidTestAssets UP-TO-DATE
:nftSimple:generateDebugAndroidTestResValues UP-TO-DATE
:nftSimple:generateDebugAndroidTestResources UP-TO-DATE
:nftSimple:mergeDebugAndroidTestResources UP-TO-DATE
:nftSimple:processDebugAndroidTestResources UP-TO-DATE
:nftSimple:generateDebugAndroidTestSources UP-TO-DATE
:nftSimple:mockableAndroidJar UP-TO-DATE
:nftSimple:preDebugUnitTestBuild UP-TO-DATE
:nftSimple:prepareDebugUnitTestDependencies
:nftSimple:ndkBuild
Android NDK: WARNING:src/main/jni/Android.mk:NFTSimpleNative: non-system libraries in linker flags: -lgnustl_static -lsupc++    
Android NDK:     This is likely to result in incorrect builds. Try using LOCAL_STATIC_LIBRARIES    
Android NDK:     or LOCAL_SHARED_LIBRARIES instead to list the library dependencies of the    
Android NDK:     current module    
[armeabi-v7a] Compile++ arm  : NFTSimpleNative <= NFTSimpleNative.cpp
[armeabi-v7a] Compile++ arm  : NFTSimpleNative <= ARMarkerNFT.cpp
[armeabi-v7a] Compile++ arm  : NFTSimpleNative <= TrackingSub.cpp
[armeabi-v7a] Compile++ arm  : NFTSimpleNative <= NFTSimple.cpp
[armeabi-v7a] Compile++ arm  : NFTSimpleNative <= VirtualEnvironment.cpp
[armeabi-v7a] Compile thumb  : cpufeatures <= cpu-features.c
[armeabi-v7a] StaticLibrary  : libcpufeatures.a
[armeabi-v7a] SharedLibrary  : libNFTSimpleNative.so
Error:error: undefined reference to 'osgDB::getLowerCaseFileExtension(std::__ndk1::basic_string<char, std::__ndk1::char_traits<char>, std::__ndk1::allocator<char> > const&)'
Error:error: undefined reference to 'osgDB::readImageFile(std::__ndk1::basic_string<char, std::__ndk1::char_traits<char>, std::__ndk1::allocator<char> > const&, osgDB::Options const*)'
Error:error: undefined reference to 'osgDB::readNodeFile(std::__ndk1::basic_string<char, std::__ndk1::char_traits<char>, std::__ndk1::allocator<char> > const&, osgDB::Options const*)'
src/main/jni/../../../../../../android/obj/local/armeabi-v7a/libosgVolume.a(FixedFunctionTechnique.cpp.o):FixedFunctionTechnique.cpp:function std::__node_alloc::allocate(unsigned int&): error: undefined reference to 'std::__node_alloc::_M_allocate(unsigned int&)'
src/main/jni/../../../../../../android/obj/local/armeabi-v7a/libosgVolume.a(FixedFunctionTechnique.cpp.o):FixedFunctionTechnique.cpp:function std::__node_alloc::deallocate(void*, unsigned int): error: undefined reference to 'std::__node_alloc::_M_deallocate(void*, unsigned int)'
src/main/jni/../../../../../../android/obj/local/armeabi-v7a/libosgVolume.a(FixedFunctionTechnique.cpp.o):FixedFunctionTechnique.cpp:function std::basic_ios<char, std::char_traits<char> >::setstate(int): error: undefined reference to 'std::ios_base::_M_throw_failure()'
src/main/jni/../../../../../../android/obj/local/armeabi-v7a/libosgVolume.a(FixedFunctionTechnique.cpp.o):FixedFunctionTechnique.cpp:function std::string::_M_append(char const*, char const*): error: undefined reference to 'std::__stl_throw_length_error(char const*)'
src/main/jni/../../../../../../android/obj/local/armeabi-v7a/libosgVolume.a(FixedFunctionTechnique.cpp.o):FixedFunctionTechnique.cpp:function std::vector<osg::Vec3f, std::allocator<osg::Vec3f> >::_M_insert_overflow_aux(osg::Vec3f*, osg::Vec3f const&, std::__false_type const&, unsigned int, bool): error: undefined reference to 'std::__stl_throw_length_error(char const*)'
src/main/jni/../../../../../../android/obj/local/armeabi-v7a/libosgVolume.a(FixedFunctionTechnique.cpp.o):FixedFunctionTechnique.cpp:function std::basic_ostream<char, std::char_traits<char> >& std::priv::__put_num<char, std::char_traits<char>, void const*>(std::basic_ostream<char, std::char_traits<char> >&, void const*): error: undefined reference to 'std::priv::_GetFacetId(std::num_put<char, std::ostreambuf_iterator<char, std::char_traits<char> > > const*)'
src/main/jni/../../../../../../android/obj/local/armeabi-v7a/libosgVolume.a(FixedFunctionTechnique.cpp.o):FixedFunctionTechnique.cpp:function std::basic_ostream<char, std::char_traits<char> >& std::priv::__put_num<char, std::char_traits<char>, void const*>(std::basic_ostream<char, std::char_traits<char> >&, void const*): error: undefined reference to 'std::locale::_M_use_facet(std::locale::id const&) const'
src/main/jni/../../../../../../android/obj/local/armeabi-v7a/libosgVolume.a(FixedFunctionTechnique.cpp.o):FixedFunctionTechnique.cpp:function std::basic_ostream<char, std::char_traits<char> >& std::priv::__put_num<char, std::char_traits<char>, double>(std::basic_ostream<char, std::char_traits<char> >&, double): error: undefined reference to 'std::priv::_GetFacetId(std::num_put<char, std::ostreambuf_iterator<char, std::char_traits<char> > > const*)'
src/main/jni/../../../../../../android/obj/local/armeabi-v7a/libosgVolume.a(FixedFunctionTechnique.cpp.o):FixedFunctionTechnique.cpp:function std::basic_ostream<char, std::char_traits<char> >& std::priv::__put_num<char, std::char_traits<char>, double>(std::basic_ostream<char, std::char_traits<char> >&, double): error: undefined reference to 'std::locale::_M_use_facet(std::locale::id const&) const'
src/main/jni/../../../../../../android/obj/local/armeabi-v7a/libosgVolume.a(FixedFunctionTechnique.cpp.o):FixedFunctionTechnique.cpp:function std::vector<osg::Vec4f, std::allocator<osg::Vec4f> >::reserve(unsigned int): error: undefined reference to 'std::__stl_throw_length_error(char const*)'
src/main/jni/../../../../../../android/obj/local/armeabi-v7a/libosgVolume.a(FixedFunctionTechnique.cpp.o):FixedFunctionTechnique.cpp:function std::vector<osg::Vec3f, std::allocator<osg::Vec3f> >::reserve(unsigned int): error: undefined reference to 'std::__stl_throw_length_error(char const*)'
src/main/jni/../../../../../../android/obj/local/armeabi-v7a/libosgVolume.a(Locator.cpp.o):Locator.cpp:function std::priv::_List_base<osg::Vec3d, std::allocator<osg::Vec3d> >::clear(): error: undefined reference to 'std::__node_alloc::_M_deallocate(void*, unsigned int)'
src/main/jni/../../../../../../android/obj/local/armeabi-v7a/libosgVolume.a(Volume.cpp.o):Volume.cpp:function std::priv::_Rb_tree<osgVolume::VolumeTile*, std::less<osgVolume::VolumeTile*>, osgVolume::VolumeTile*, std::priv::_Identity<osgVolume::VolumeTile*>, std::priv::_SetTraitsT<osgVolume::VolumeTile*>, std::allocator<osgVolume::VolumeTile*> >::_M_erase(std::priv::_Rb_tree_node_base*): error: undefined reference to 'std::__node_alloc::_M_deallocate(void*, unsigned int)'
src/main/jni/../../../../../../android/obj/local/armeabi-v7a/libosgVolume.a(Volume.cpp.o):Volume.cpp:function std::priv::_Rb_tree<osgVolume::TileID, std::less<osgVolume::TileID>, std::pair<osgVolume::TileID const, osgVolume::VolumeTile*>, std::priv::_Select1st<std::pair<osgVolume::TileID const, osgVolume::VolumeTile*> >, std::priv::_MapTraitsT<std::pair<osgVolume::TileID const, osgVolume::VolumeTile*> >, std::allocator<std::pair<osgVolume::TileID const, osgVolume::VolumeTile*> > >::_M_erase(std::priv::_Rb_tree_node_base*): error: undefined reference to 'std::__node_alloc::_M_deallocate(void*, unsigned int)'
src/main/jni/../../../../../../android/obj/local/armeabi-v7a/libosgWidget.a(Label.cpp.o):Label.cpp:function osgWidget::Label::parented(osgWidget::Window*): error: undefined reference to 'typeinfo for osgText::Text'
src/main/jni/../../../../../../android/obj/local/armeabi-v7a/libosgWidget.a(Label.cpp.o):Label.cpp:function osgWidget::Label::setFontColor(osg::Vec4f const&): error: undefined reference to 'osgText::TextBase::setColor(osg::Vec4f const&)'
src/main/jni/../../../../../../android/obj/local/armeabi-v7a/libosgWidget.a(Label.cpp.o):Label.cpp:function osgWidget::Label::setLabel(std::string const&): error: undefined reference to 'osgText::TextBase::setText(std::string const&)'
src/main/jni/../../../../../../android/obj/local/armeabi-v7a/libosgWidget.a(Label.cpp.o):Label.cpp:function osgWidget::Label::setLabel(osgText::String const&): error: undefined reference to 'osgText::TextBase::setText(osgText::String const&)'
src/main/jni/../../../../../../android/obj/local/armeabi-v7a/libosgWidget.a(Label.cpp.o):Label.cpp:function osgWidget::Label::setFontSize(unsigned int): error: undefined reference to 'osgText::TextBase::setCharacterSize(float)'
src/main/jni/../../../../../../android/obj/local/armeabi-v7a/libosgWidget.a(Label.cpp.o):Label.cpp:function osgWidget::Label::setFontSize(unsigned int): error: undefined reference to 'osgText::TextBase::setFontResolution(unsigned int, unsigned int)'
src/main/jni/../../../../../../android/obj/local/armeabi-v7a/libosgWidget.a(Label.cpp.o):Label.cpp:function osgWidget::Label::setShadow(float): error: undefined reference to 'osgText::Text::setBackdropType(osgText::Text::BackdropType)'
src/main/jni/../../../../../../android/obj/local/armeabi-v7a/libosgWidget.a(Label.cpp.o):Label.cpp:function osgWidget::Label::setShadow(float): error: undefined reference to 'osgText::Text::setBackdropImplementation(osgText::Text::BackdropImplementation)'
src/main/jni/../../../../../../android/obj/local/armeabi-v7a/libosgWidget.a(Label.cpp.o):Label.cpp:function osgWidget::Label::setShadow(float): error: undefined reference to 'osgText::Text::setBackdropOffset(float)'
src/main/jni/../../../../../../android/obj/local/armeabi-v7a/libosgWidget.a(Label.cpp.o):Label.cpp:function osgWidget::Label::Label(std::string const&, std::string const&): error: undefined reference to 'osgText::Text::Text()'
src/main/jni/../../../../../../android/obj/local/armeabi-v7a/libosgWidget.a(Label.cpp.o):Label.cpp:function osgWidget::Label::Label(std::string const&, std::string const&): error: undefined reference to 'osgText::TextBase::setAlignment(osgText::TextBase::AlignmentType)'
src/main/jni/../../../../../../android/obj/local/armeabi-v7a/libosgWidget.a(Label.cpp.o):Label.cpp:function osgWidget::Label::Label(std::string const&, std::string const&): error: undefined reference to 'osgText::TextBase::setText(std::string const&)'
src/main/jni/../../../../../../android/obj/local/armeabi-v7a/libosgWidget.a(Label.cpp.o):Label.cpp:function osgWidget::Label::Label(osgWidget::Label const&, osg::CopyOp const&): error: undefined reference to 'osgText::Text::Text(osgText::Text const&, osg::CopyOp const&)'
src/main/jni/../../../../../../android/obj/local/armeabi-v7a/libosgWidget.a(Label.cpp.o):Label.cpp:function osgWidget::Label::positioned(): error: undefined reference to 'osgText::TextBase::setPosition(osg::Vec3f const&)'
src/main/jni/../../../../../../android/obj/local/armeabi-v7a/libosgViewer.a(Scene.cpp.o):Scene.cpp:function osgViewer::SceneSingleton::add(osgViewer::Scene*): error: undefined reference to 'std::__node_alloc::_M_allocate(unsigned int&)'
src/main/jni/../../../../../../android/obj/local/armeabi-v7a/libosgVolume.a(MultipassTechnique.cpp.o):MultipassTechnique.cpp:function std::basic_ostream<char, std::char_traits<char> >& std::priv::__put_num<char, std::char_traits<char>, long>(std::basic_ostream<char, std::char_traits<char> >&, long): error: undefined reference to 'std::priv::_GetFacetId(std::num_put<char, std::ostreambuf_iterator<char, std::char_traits<char> > > const*)'
src/main/jni/../../../../../../android/obj/local/armeabi-v7a/libosgVolume.a(MultipassTechnique.cpp.o):MultipassTechnique.cpp:function std::basic_ostream<char, std::char_traits<char> >& std::priv::__put_num<char, std::char_traits<char>, long>(std::basic_ostream<char, std::char_traits<char> >&, long): error: undefined reference to 'std::locale::_M_use_facet(std::locale::id const&) const'
src/main/jni/../../../../../../android/obj/local/armeabi-v7a/libosgWidget.a(StyleManager.cpp.o):StyleManager.cpp:function std::basic_ios<char, std::char_traits<char> >::imbue(std::locale const&): error: undefined reference to 'std::locale::_M_use_facet(std::locale::id const&) const'
src/main/jni/../../../../../../android/obj/local/armeabi-v7a/libosgWidget.a(StyleManager.cpp.o):StyleManager.cpp:function std::basic_ios<char, std::char_traits<char> >::init(std::basic_streambuf<char, std::char_traits<char> >*): error: undefined reference to 'std::ios_base::_M_throw_failure()'
src/main/jni/../../../../../../android/obj/local/armeabi-v7a/libosgWidget.a(WindowManager.cpp.o):WindowManager.cpp:function std::basic_ostream<char, std::char_traits<char> >& std::priv::__put_num<char, std::char_traits<char>, unsigned long>(std::basic_ostream<char, std::char_traits<char> >&, unsigned long): error: undefined reference to 'std::priv::_GetFacetId(std::num_put<char, std::ostreambuf_iterator<char, std::char_traits<char> > > const*)'
src/main/jni/../../../../../../android/obj/local/armeabi-v7a/libosgWidget.a(Input.cpp.o):Input.cpp:function osgWidget::Input::positioned(): error: undefined reference to 'osgText::TextBase::setPosition(osg::Vec3f const&)'
src/main/jni/../../../../../../android/obj/local/armeabi-v7a/libosgWidget.a(Input.cpp.o):Input.cpp:function osgWidget::Input::positioned(): error: undefined reference to 'osgText::Glyph::getHorizontalAdvance() const'
src/main/jni/../../../../../../android/obj/local/armeabi-v7a/libosgWidget.a(Input.cpp.o):Input.cpp:function std::vector<unsigned int, std::allocator<unsigned int> >::at(unsigned int): error: undefined reference to 'std::__stl_throw_out_of_range(char const*)'
src/main/jni/../../../../../../android/obj/local/armeabi-v7a/libosgWidget.a(Input.cpp.o):Input.cpp:function std::vector<float, std::allocator<float> >::at(unsigned int): error: undefined reference to 'std::__stl_throw_out_of_range(char const*)'
src/main/jni/../../../../../../android/obj/local/armeabi-v7a/libosgWidget.a(Input.cpp.o):Input.cpp:function osgWidget::Input::calculateBestYOffset(std::string const&): error: undefined reference to 'osgText::String::set(std::string const&)'
src/main/jni/../../../../../../android/obj/local/armeabi-v7a/libosgWidget.a(Input.cpp.o):Input.cpp:function osgWidget::Input::calculateBestYOffset(std::string const&): error: undefined reference to 'osgText::Glyph::getHorizontalBearing() const'
src/main/jni/../../../../../../android/obj/local/armeabi-v7a/libosgWidget.a(Input.cpp.o):Input.cpp:function std::basic_string<char, std::char_traits<char>, std::allocator<char> >::basic_string(std::string const&, unsigned int, unsigned int, std::allocator<char> const&): error: undefined reference to 'std::__stl_throw_out_of_range(char const*)'
src/main/jni/../../../../../../android/obj/local/armeabi-v7a/libosgWidget.a(Input.cpp.o):Input.cpp:function osgWidget::Input::Input(std::string const&, std::string const&, unsigned int): error: undefined reference to 'osgText::TextBase::setAlignment(osgText::TextBase::AlignmentType)'
src/main/jni/../../../../../../android/obj/local/armeabi-v7a/libosgWidget.a(Input.cpp.o):Input.cpp:function osgWidget::Input::_calculateCursorOffsets(): error: undefined reference to 'osgText::Glyph::getHorizontalAdvance() const'
src/main/jni/../../../../../../android/obj/local/armeabi-v7a/libosgWidget.a(Input.cpp.o):Input.cpp:function osgWidget::Input::_calculateCursorOffsets(): error: undefined reference to 'osgText::Glyph::getHorizontalAdvance() const'
src/main/jni/../../../../../../android/obj/local/armeabi-v7a/libosgWidget.a(Input.cpp.o):Input.cpp:function osgWidget::Input::_calculateCursorOffsets(): error: undefined reference to 'osgText::Glyph::getHorizontalAdvance() const'
src/main/jni/../../../../../../android/obj/local/armeabi-v7a/libosgViewer.a(GraphicsWindow.cpp.o):GraphicsWindow.cpp:function void std::priv::_S_sort<osgViewer::View*, std::allocator<osgViewer::View*>, std::less<osgViewer::View*> >(std::list<osgViewer::View*, std::allocator<osgViewer::View*> >&, std::less<osgViewer::View*>): error: undefined reference to 'std::__stl_throw_overflow_error(char const*)'
src/main/jni/../../../../../../android/obj/local/armeabi-v7a/libosgViewer.a(StatsHandler.cpp.o):StatsHandler.cpp:function std::basic_ios<char, std::char_traits<char> >::clear(int): error: undefined reference to 'std::ios_base::_M_throw_failure()'
src/main/jni/../../../../../../android/obj/local/armeabi-v7a/libosgViewer.a(StatsHandler.cpp.o):StatsHandler.cpp:function osgViewer::StatsHandler::updateThreadingModelText(): error: undefined reference to 'osgText::TextBase::setText(std::string const&)'
src/main/jni/../../../../../../android/obj/local/armeabi-v7a/libosgViewer.a(StatsHandler.cpp.o):StatsHandler.cpp:function osgViewer::StatsHandler::updateThreadingModelText(): error: undefined reference to 'osgText::TextBase::setText(std::string const&)'
src/main/jni/../../../../../../android/obj/local/armeabi-v7a/libosgViewer.a(StatsHandler.cpp.o):StatsHandler.cpp:function osgViewer::StatsHandler::createTimeStatsLine(std::string const&, osg::Vec3f, osg::Vec4f const&, osg::Vec4f const&, osg::Stats*, osg::Stats*, std::string const&, float, bool, bool, std::string const&, std::string const&): error: undefined reference to 'osgText::Text::Text()'
src/main/jni/../../../../../../android/obj/local/armeabi-v7a/libosgViewer.a(StatsHandler.cpp.o):StatsHandler.cpp:function osgViewer::StatsHandler::createTimeStatsLine(std::string const&, osg::Vec3f, osg::Vec4f const&, osg::Vec4f const&, osg::Stats*, osg::Stats*, std::string const&, float, bool, bool, std::string const&, std::string const&): error: undefined reference to 'osgText::TextBase::setColor(osg::Vec4f const&)'
src/main/jni/../../../../../../android/obj/local/armeabi-v7a/libosgViewer.a(StatsHandler.cpp.o):StatsHandler.cpp:function osgViewer::StatsHandler::createTimeStatsLine(std::string const&, osg::Vec3f, osg::Vec4f const&, osg::Vec4f const&, osg::Stats*, osg::Stats*, std::string const&, float, bool, bool, std::string const&, std::string const&): error: undefined reference to 'osgText::TextBase::setCharacterSize(float)'
src/main/jni/../../../../../../android/obj/local/armeabi-v7a/libosgViewer.a(StatsHandler.cpp.o):StatsHandler.cpp:function osgViewer::StatsHandler::createTimeStatsLine(std::string const&, osg::Vec3f, osg::Vec4f const&, osg::Vec4f const&, osg::Stats*, osg::Stats*, std::string const&, float, bool, bool, std::string const&, std::string const&): error: undefined reference to 'osgText::TextBase::setPosition(osg::Vec3f const&)'
src/main/jni/../../../../../../android/obj/local/armeabi-v7a/libosgViewer.a(StatsHandler.cpp.o):StatsHandler.cpp:function osgViewer::StatsHandler::createTimeStatsLine(std::string const&, osg::Vec3f, osg::Vec4f const&, osg::Vec4f const&, osg::Stats*, osg::Stats*, std::string const&, float, bool, bool, std::string const&, std::string const&): error: undefined reference to 'osgText::Text::Text()'
src/main/jni/../../../../../../android/obj/local/armeabi-v7a/libosgViewer.a(StatsHandler.cpp.o):StatsHandler.cpp:function osgViewer::StatsHandler::createTimeStatsLine(std::string const&, osg::Vec3f, osg::Vec4f const&, osg::Vec4f const&, osg::Stats*, osg::Stats*, std::string const&, float, bool, bool, std::string const&, std::string const&): error: undefined reference to 'osgText::TextBase::setColor(osg::Vec4f const&)'
src/main/jni/../../../../../../android/obj/local/armeabi-v7a/libosgViewer.a(StatsHandler.cpp.o):StatsHandler.cpp:function osgViewer::StatsHandler::createTimeStatsLine(std::string const&, osg::Vec3f, osg::Vec4f const&, osg::Vec4f const&, osg::Stats*, osg::Stats*, std::string const&, float, bool, bool, std::string const&, std::string const&): error: undefined reference to 'osgText::TextBase::setCharacterSize(float)'
src/main/jni/../../../../../../android/obj/local/armeabi-v7a/libosgViewer.a(StatsHandler.cpp.o):StatsHandler.cpp:function osgViewer::StatsHandler::createTimeStatsLine(std::string const&, osg::Vec3f, osg::Vec4f const&, osg::Vec4f const&, osg::Stats*, osg::Stats*, std::string const&, float, bool, bool, std::string const&, std::string const&): error: undefined reference to 'osgText::TextBase::setPosition(osg::Vec3f const&)'
src/main/jni/../../../../../../android/obj/local/armeabi-v7a/libosgViewer.a(StatsHandler.cpp.o):StatsHandler.cpp:function osgViewer::StatsHandler::setUpScene(osgViewer::ViewerBase*): error: undefined reference to 'osgText::Text::Text()'
src/main/jni/../../../../../../android/obj/local/armeabi-v7a/libosgViewer.a(StatsHandler.cpp.o):StatsHandler.cpp:function osgViewer::StatsHandler::setUpScene(osgViewer::ViewerBase*): error: undefined reference to 'osgText::TextBase::setColor(osg::Vec4f const&)'
src/main/jni/../../../../../../android/obj/local/armeabi-v7a/libosgViewer.a(StatsHandler.cpp.o):StatsHandler.cpp:function osgViewer::StatsHandler::setUpScene(osgViewer::ViewerBase*): error: undefined reference to 'osgText::TextBase::setCharacterSize(float)'
src/main/jni/../../../../../../android/obj/local/armeabi-v7a/libosgViewer.a(Viewer.cpp.o):Viewer.cpp:function std::istream::_M_skip_whitespace(bool): error: undefined reference to 'std::ctype<char>::scan_not(std::ctype_base::mask, char const*, char const*) const'
src/main/jni/../../../../../../android/obj/local/armeabi-v7a/libosgViewer.a(Viewer.cpp.o):Viewer.cpp:function int std::priv::__get_num<char, std::char_traits<char>, long>(std::basic_istream<char, std::char_traits<char> >&, long&): error: undefined reference to 'std::priv::_GetFacetId(std::num_get<char, std::istreambuf_iterator<char, std::char_traits<char> > > const*)'
src/main/jni/../../../../../../android/obj/local/armeabi-v7a/libosgViewer.a(ViewerEventHandlers.cpp.o):ViewerEventHandlers.cpp:function std::basic_filebuf<char, std::char_traits<char> >::close(): error: undefined reference to 'std::_Filebuf_base::_M_unmap(void*, long)'
src/main/jni/../../../../../../android/obj/local/armeabi-v7a/libosgViewer.a(ViewerEventHandlers.cpp.o):ViewerEventHandlers.cpp:function std::basic_filebuf<char, std::char_traits<char> >::close(): error: undefined reference to 'std::_Filebuf_base::_M_close()'
src/main/jni/../../../../../../android/obj/local/armeabi-v7a/libosgViewer.a(ViewerEventHandlers.cpp.o):ViewerEventHandlers.cpp:function std::basic_filebuf<char, std::char_traits<char> >::close(): error: undefined reference to 'std::_Filebuf_base::_M_write(char*, int)'
src/main/jni/../../../../../../android/obj/local/armeabi-v7a/libosgViewer.a(ViewerEventHandlers.cpp.o):ViewerEventHandlers.cpp:function osgViewer::RecordCameraPathHandler::handle(osgGA::GUIEventAdapter const&, osgGA::GUIActionAdapter&): error: undefined reference to 'osgDB::ofstream::open(char const*, int)'
src/main/jni/../../../../../../android/obj/local/armeabi-v7a/libosgViewer.a(ViewerEventHandlers.cpp.o):ViewerEventHandlers.cpp:function osgViewer::RecordCameraPathHandler::handle(osgGA::GUIEventAdapter const&, osgGA::GUIActionAdapter&): error: undefined reference to 'osgDB::ofstream::ofstream(char const*, int)'
src/main/jni/../../../../../../android/obj/local/armeabi-v7a/libosgViewer.a(ViewerEventHandlers.cpp.o):ViewerEventHandlers.cpp:function osgViewer::RecordCameraPathHandler::handle(osgGA::GUIEventAdapter const&, osgGA::GUIActionAdapter&): error: undefined reference to 'osg::AnimationPath::write(std::priv::_Rb_tree_iterator<std::pair<double const, osg::AnimationPath::ControlPoint>, std::priv::_ConstMapTraitsT<std::pair<double const, osg::AnimationPath::ControlPoint> > >, std::ostream&) const'
src/main/jni/../../../../../../android/obj/local/armeabi-v7a/libosgViewer.a(CompositeViewer.cpp.o):CompositeViewer.cpp:function void std::priv::_S_sort<osg::ref_ptr<osgGA::Event>, std::allocator<osg::ref_ptr<osgGA::Event> >, SortEvents>(std::list<osg::ref_ptr<osgGA::Event>, std::allocator<osg::ref_ptr<osgGA::Event> > >&, SortEvents): error: undefined reference to 'std::__stl_throw_overflow_error(char const*)'
Error:error: linker command failed with exit code 1 (use -v to see invocation)
make: *** [build/intermediates/ndk/obj/local/armeabi-v7a/libNFTSimpleNative.so] Error 1
:nftSimple:ndkBuild FAILED
Error:Execution failed for task ':nftSimple:ndkBuild'.
> Process 'command 'C:\Users\Administrator\AppData\Local\Android\sdk\ndk-bundle/ndk-build.cmd'' finished with non-zero exit value 2
Information:BUILD FAILED
Information:Total time: 8.043 secs
Information:5 errors
Information:0 warnings
Information:See complete output in console