c:\development\hy_code\vr_ar\artoolkit_5.3.1\lib\win64-x64\arvideod.lib
c:\development\hy_code\vr_ar\artoolkit_5.3.1\lib\win64-x64\arvideod.exp
c:\development\hy_code\vr_ar\artoolkit_5.3.1\visualstudio\vs120\x64\debug\arvideo\vc120.pdb
c:\development\hy_code\vr_ar\artoolkit_5.3.1\visualstudio\vs120\x64\debug\arvideo\videowindsvl.obj
c:\development\hy_code\vr_ar\artoolkit_5.3.1\visualstudio\vs120\x64\debug\arvideo\videowinds.obj
c:\development\hy_code\vr_ar\artoolkit_5.3.1\visualstudio\vs120\x64\debug\arvideo\videowindf.obj
c:\development\hy_code\vr_ar\artoolkit_5.3.1\visualstudio\vs120\x64\debug\arvideo\videoquicktime.obj
c:\development\hy_code\vr_ar\artoolkit_5.3.1\visualstudio\vs120\x64\debug\arvideo\videoimage.obj
c:\development\hy_code\vr_ar\artoolkit_5.3.1\visualstudio\vs120\x64\debug\arvideo\videodummy.obj
c:\development\hy_code\vr_ar\artoolkit_5.3.1\visualstudio\vs120\x64\debug\arvideo\videowinmf.obj
c:\development\hy_code\vr_ar\artoolkit_5.3.1\visualstudio\vs120\x64\debug\arvideo\logmediatype.obj
c:\development\hy_code\vr_ar\artoolkit_5.3.1\visualstudio\vs120\x64\debug\arvideo\videoaspectratio.obj
c:\development\hy_code\vr_ar\artoolkit_5.3.1\visualstudio\vs120\x64\debug\arvideo\videosaveimage.obj
c:\development\hy_code\vr_ar\artoolkit_5.3.1\visualstudio\vs120\x64\debug\arvideo\videoquicktimemovie.obj
c:\development\hy_code\vr_ar\artoolkit_5.3.1\visualstudio\vs120\x64\debug\arvideo\video2.obj
c:\development\hy_code\vr_ar\artoolkit_5.3.1\visualstudio\vs120\x64\debug\arvideo\video.obj
c:\development\hy_code\vr_ar\artoolkit_5.3.1\bin64\arvideod.dll
c:\development\hy_code\vr_ar\artoolkit_5.3.1\bin64\arvideod.pdb
c:\development\hy_code\vr_ar\artoolkit_5.3.1\visualstudio\vs120\..\..\bin64\arvideod.pdb
c:\development\hy_code\vr_ar\artoolkit_5.3.1\visualstudio\vs120\..\..\bin64\arvideod.dll
c:\development\hy_code\vr_ar\artoolkit_5.3.1\visualstudio\vs120\x64\debug\arvideo\arvideo.tlog\arvideo.write.1u.tlog
c:\development\hy_code\vr_ar\artoolkit_5.3.1\visualstudio\vs120\x64\debug\arvideo\arvideo.tlog\cl.command.1.tlog
c:\development\hy_code\vr_ar\artoolkit_5.3.1\visualstudio\vs120\x64\debug\arvideo\arvideo.tlog\cl.read.1.tlog
c:\development\hy_code\vr_ar\artoolkit_5.3.1\visualstudio\vs120\x64\debug\arvideo\arvideo.tlog\cl.write.1.tlog
c:\development\hy_code\vr_ar\artoolkit_5.3.1\visualstudio\vs120\x64\debug\arvideo\arvideo.tlog\link.command.1.tlog
c:\development\hy_code\vr_ar\artoolkit_5.3.1\visualstudio\vs120\x64\debug\arvideo\arvideo.tlog\link.read.1.tlog
c:\development\hy_code\vr_ar\artoolkit_5.3.1\visualstudio\vs120\x64\debug\arvideo\arvideo.tlog\link.write.1.tlog
