Build started 2016/4/24 23:29:28.
     1>Project "C:\development\hy_code\VR_AR\ARToolKit_5.3.1\VisualStudio\vs120\ARvideo.vcxproj" on node 2 (Rebuild target(s)).
     1>ClCompile:
         C:\Program Files (x86)\Microsoft Visual Studio 12.0\VC\bin\x86_amd64\CL.exe /c /IC:\development\hy_code\VR_AR\ARToolKit_5.3.1\VisualStudio\vs120\..\..\include /I"C:\development\hy_code\VR_AR\ARToolKit_5.3.1\VisualStudio\vs120\..\..\include\win64-x64" /IC:\development\hy_code\VR_AR\ARToolKit_5.3.1\VisualStudio\vs120\..\..\lib\SRC\VideoWinDSVL /IC:\development\hy_code\VR_AR\ARToolKit_5.3.1\VisualStudio\vs120\..\..\lib\SRC\VideoWinDS /IC:\development\hy_code\VR_AR\ARToolKit_5.3.1\VisualStudio\vs120\..\..\DSVL\src /I"C:\Program Files (x86)\Microsoft DirectX SDK (June 2010)\include" /I"C:\Program Files\Point Grey Research\FlyCapture2\include\FC1" /I"C:\Program Files\Point Grey Research\PGR FlyCapture\include" /Zi /nologo /W3 /WX- /Od /D WIN32 /D _DEBUG /D _DLL /D LIBARVIDEO_EXPORTS /D _CRT_SECURE_NO_DEPRECATE /D _WINDLL /D _MBCS /Gm- /EHsc /RTC1 /MDd /GS /fp:precise /Zc:wchar_t /Zc:forScope /Fo"x64\Debug\ARvideo\\" /Fd"x64\Debug\ARvideo\vc120.pdb" /Gd /TP /wd4018 /wd4065 /wd4996 /errorReport:prompt ..\..\lib\SRC\VideoWinMF\LogMediaType.cpp ..\..\lib\SRC\VideoWinMF\videoWinMF.cpp ..\..\lib\SRC\VideoDummy\videoDummy.c ..\..\lib\SRC\VideoImage\videoImage.c ..\..\lib\SRC\VideoQuickTime\videoQuickTime.c ..\..\lib\SRC\VideoWinDF\videoWinDF.cpp ..\..\lib\SRC\VideoWinDS\videoWinDS.cpp ..\..\lib\SRC\VideoWinDSVL\videoWinDSVL.cpp
         LogMediaType.cpp
         videoWinMF.cpp
         videoDummy.c
         videoImage.c
         videoQuickTime.c
         videoWinDF.cpp
         videoWinDS.cpp
         videoWinDSVL.cpp
         Generating Code...
         C:\Program Files (x86)\Microsoft Visual Studio 12.0\VC\bin\x86_amd64\CL.exe /c /IC:\development\hy_code\VR_AR\ARToolKit_5.3.1\VisualStudio\vs120\..\..\include /I"C:\development\hy_code\VR_AR\ARToolKit_5.3.1\VisualStudio\vs120\..\..\include\win64-x64" /IC:\development\hy_code\VR_AR\ARToolKit_5.3.1\VisualStudio\vs120\..\..\lib\SRC\VideoWinDSVL /IC:\development\hy_code\VR_AR\ARToolKit_5.3.1\VisualStudio\vs120\..\..\lib\SRC\VideoWinDS /IC:\development\hy_code\VR_AR\ARToolKit_5.3.1\VisualStudio\vs120\..\..\DSVL\src /I"C:\Program Files (x86)\Microsoft DirectX SDK (June 2010)\include" /I"C:\Program Files\Point Grey Research\FlyCapture2\include\FC1" /I"C:\Program Files\Point Grey Research\PGR FlyCapture\include" /Zi /nologo /W3 /WX- /Od /D WIN32 /D _DEBUG /D _DLL /D LIBARVIDEO_EXPORTS /D _CRT_SECURE_NO_DEPRECATE /D _WINDLL /D _MBCS /Gm- /EHsc /RTC1 /MDd /GS /fp:precise /Zc:wchar_t /Zc:forScope /Fo"x64\Debug\ARvideo\\" /Fd"x64\Debug\ARvideo\vc120.pdb" /Gd /TC /wd4018 /wd4065 /wd4996 /errorReport:prompt ..\..\lib\SRC\Video\video.c ..\..\lib\SRC\Video\video2.c ..\..\lib\SRC\VideoQuickTime\videoQuickTimeMovie.c ..\..\lib\SRC\Video\videoSaveImage.c ..\..\lib\SRC\Video\videoAspectRatio.c
         video.c
         video2.c
         videoQuickTimeMovie.c
         videoSaveImage.c
         videoAspectRatio.c
         Generating Code...
       Link:
         C:\Program Files (x86)\Microsoft Visual Studio 12.0\VC\bin\x86_amd64\link.exe /ERRORREPORT:PROMPT /OUT:"C:\development\hy_code\VR_AR\ARToolKit_5.3.1\VisualStudio\vs120\..\..\bin64\ARvideod.dll" /INCREMENTAL:NO /NOLOGO /LIBPATH:C:\development\hy_code\VR_AR\ARToolKit_5.3.1\VisualStudio\vs120\..\..\lib /LIBPATH:"C:\development\hy_code\VR_AR\ARToolKit_5.3.1\VisualStudio\vs120\..\..\lib\win64-x64" /LIBPATH:C:\development\hy_code\VR_AR\ARToolKit_5.3.1\VisualStudio\vs120\..\..\DSVL\lib64 /LIBPATH:"C:\Program Files (x86)\Microsoft DirectX SDK (June 2010)\lib" /LIBPATH:"C:\Program Files\Point Grey Research\FlyCapture2\lib\FC1" /LIBPATH:"C:\Program Files\Point Grey Research\PGR FlyCapture\lib" ARd.lib libjpeg.lib kernel32.lib user32.lib gdi32.lib winspool.lib comdlg32.lib advapi32.lib shell32.lib ole32.lib oleaut32.lib uuid.lib odbc32.lib odbccp32.lib /NODEFAULTLIB:LIBC /NODEFAULTLIB:LIBCD /NODEFAULTLIB:LIBCMT /NODEFAULTLIB:LIBCMTD /MANIFEST /MANIFESTUAC:"level='asInvoker' uiAccess='false'" /manifest:embed /DEBUG /PDB:"C:\development\hy_code\VR_AR\ARToolKit_5.3.1\VisualStudio\vs120\..\..\bin64\ARvideod.pdb" /TLBID:1 /DYNAMICBASE:NO /IMPLIB:"C:\development\hy_code\VR_AR\ARToolKit_5.3.1\VisualStudio\vs120\..\..\lib\win64-x64\ARvideod.lib" /MACHINE:X64 /DLL x64\Debug\ARvideo\LogMediaType.obj
         x64\Debug\ARvideo\videoWinMF.obj
         x64\Debug\ARvideo\video.obj
         x64\Debug\ARvideo\video2.obj
         x64\Debug\ARvideo\videoDummy.obj
         x64\Debug\ARvideo\videoImage.obj
         x64\Debug\ARvideo\videoQuickTime.obj
         x64\Debug\ARvideo\videoQuickTimeMovie.obj
         x64\Debug\ARvideo\videoSaveImage.obj
         x64\Debug\ARvideo\videoAspectRatio.obj
         x64\Debug\ARvideo\videoWinDF.obj
         x64\Debug\ARvideo\videoWinDS.obj
         x64\Debug\ARvideo\videoWinDSVL.obj
         libjpeg.lib(jerror.obj) : MSIL .netmodule or module compiled with /GL found; restarting link with /LTCG; add /LTCG to the link command line to improve linker performance
            Creating library C:\development\hy_code\VR_AR\ARToolKit_5.3.1\VisualStudio\vs120\..\..\lib\win64-x64\ARvideod.lib and object C:\development\hy_code\VR_AR\ARToolKit_5.3.1\VisualStudio\vs120\..\..\lib\win64-x64\ARvideod.exp
     1>LINK : warning LNK4098: defaultlib 'MSVCRT' conflicts with use of other libs; use /NODEFAULTLIB:library
         Generating code
         Finished generating code
         ARvideo.vcxproj -> C:\development\hy_code\VR_AR\ARToolKit_5.3.1\VisualStudio\vs120\..\..\bin64\ARvideod.dll
     1>Done Building Project "C:\development\hy_code\VR_AR\ARToolKit_5.3.1\VisualStudio\vs120\ARvideo.vcxproj" (Rebuild target(s)).

Build succeeded.

Time Elapsed 00:00:06.25
