Build started 2016/4/24 23:29:05.
     1>Project "C:\development\hy_code\VR_AR\ARToolKit_5.3.1\VisualStudio\vs120\ARICP.vcxproj" on node 4 (Rebuild target(s)).
     1>ClCompile:
         C:\Program Files (x86)\Microsoft Visual Studio 12.0\VC\bin\x86_amd64\CL.exe /c /IC:\development\hy_code\VR_AR\ARToolKit_5.3.1\VisualStudio\vs120\..\..\include /nologo /W3 /WX- /Od /D WIN32 /D _DEBUG /D _LIB /D _CRT_SECURE_NO_DEPRECATE /D _VC80_UPGRADE=0x0710 /D _MBCS /Gm- /EHsc /RTC1 /MDd /GS /fp:precise /Zc:wchar_t /Zc:forScope /Fo"x64\Debug\ARICP\\" /Fd"x64\Debug\ARICP\vc120.pdb" /Gd /TC /errorReport:prompt ..\..\lib\SRC\ARICP\icpCalibStereo.c ..\..\lib\SRC\ARICP\icpCore.c ..\..\lib\SRC\ARICP\icpHandle.c ..\..\lib\SRC\ARICP\icpPoint.c ..\..\lib\SRC\ARICP\icpPointRobust.c ..\..\lib\SRC\ARICP\icpStereoHandle.c ..\..\lib\SRC\ARICP\icpStereoPoint.c ..\..\lib\SRC\ARICP\icpStereoPointRobust.c ..\..\lib\SRC\ARICP\icpUtil.c
         icpCalibStereo.c
         icpCore.c
         icpHandle.c
         icpPoint.c
         icpPointRobust.c
         icpStereoHandle.c
         icpStereoPoint.c
         icpStereoPointRobust.c
         icpUtil.c
         Generating Code...
       Lib:
         C:\Program Files (x86)\Microsoft Visual Studio 12.0\VC\bin\x86_amd64\Lib.exe /OUT:"C:\development\hy_code\VR_AR\ARToolKit_5.3.1\VisualStudio\vs120\..\..\lib\win64-x64\ARICPd.lib" /NOLOGO /MACHINE:X64 x64\Debug\ARICP\icpCalibStereo.obj
         x64\Debug\ARICP\icpCore.obj
         x64\Debug\ARICP\icpHandle.obj
         x64\Debug\ARICP\icpPoint.obj
         x64\Debug\ARICP\icpPointRobust.obj
         x64\Debug\ARICP\icpStereoHandle.obj
         x64\Debug\ARICP\icpStereoPoint.obj
         x64\Debug\ARICP\icpStereoPointRobust.obj
         x64\Debug\ARICP\icpUtil.obj
         ARICP.vcxproj -> C:\development\hy_code\VR_AR\ARToolKit_5.3.1\VisualStudio\vs120\..\..\lib\win64-x64\ARICPd.lib
     1>Done Building Project "C:\development\hy_code\VR_AR\ARToolKit_5.3.1\VisualStudio\vs120\ARICP.vcxproj" (Rebuild target(s)).

Build succeeded.

Time Elapsed 00:00:02.22
